<?xml version="1.0" encoding="UTF-8"?>
<testng-results ignored="0" total="2" passed="1" failed="1" skipped="0">
  <reporter-output>
  </reporter-output>
  <suite started-at="2020-09-16T20:33:48 BRT" name="Default suite" finished-at="2020-09-16T20:34:41 BRT" duration-ms="53098">
    <groups>
    </groups>
    <test started-at="2020-09-16T20:33:48 BRT" name="Default test" finished-at="2020-09-16T20:34:41 BRT" duration-ms="53098">
      <class name="cursoautomacao.api.Teste">
        <test-method is-config="true" signature="setUp()[pri:0, instance:cursoautomacao.api.Teste@7c417213]" started-at="2020-09-16T20:33:46 BRT" name="setUp" finished-at="2020-09-16T20:33:48 BRT" duration-ms="2232" status="PASS">
          <reporter-output>
          </reporter-output>
        </test-method> <!-- setUp -->
        <test-method signature="teste()[pri:0, instance:cursoautomacao.api.Teste@7c417213]" started-at="2020-09-16T20:33:48 BRT" name="teste" finished-at="2020-09-16T20:34:39 BRT" duration-ms="50575" status="PASS">
          <reporter-output>
          </reporter-output>
        </test-method> <!-- teste -->
        <test-method is-config="true" signature="getResult(org.testng.ITestResult)[pri:0, instance:cursoautomacao.api.Teste@7c417213]" started-at="2020-09-16T20:34:39 BRT" name="getResult" finished-at="2020-09-16T20:34:39 BRT" duration-ms="47" status="PASS">
          <params>
            <param index="0">
              <value>
                <![CDATA[[TestResult name=teste status=SUCCESS method=Teste.teste()[pri:0, instance:cursoautomacao.api.Teste@7c417213] output={null}]]]>
              </value>
            </param>
          </params>
          <reporter-output>
          </reporter-output>
        </test-method> <!-- getResult -->
        <test-method signature="teste2()[pri:0, instance:cursoautomacao.api.Teste@7c417213]" started-at="2020-09-16T20:34:39 BRT" name="teste2" finished-at="2020-09-16T20:34:41 BRT" duration-ms="1618" status="FAIL">
          <exception class="junit.framework.AssertionFailedError">
            <message>
              <![CDATA[expected:<200> but was:<301>]]>
            </message>
            <full-stacktrace>
              <![CDATA[junit.framework.AssertionFailedError: expected:<200> but was:<301>
at junit.framework.Assert.fail(Assert.java:50)
at junit.framework.Assert.failNotEquals(Assert.java:287)
at junit.framework.Assert.assertEquals(Assert.java:67)
at junit.framework.Assert.assertEquals(Assert.java:199)
at junit.framework.Assert.assertEquals(Assert.java:205)
at cursoautomacao.api.Teste.teste2(Teste.java:44)
at java.base/jdk.internal.reflect.NativeMethodAccessorImpl.invoke0(Native Method)
at java.base/jdk.internal.reflect.NativeMethodAccessorImpl.invoke(NativeMethodAccessorImpl.java:62)
at java.base/jdk.internal.reflect.DelegatingMethodAccessorImpl.invoke(DelegatingMethodAccessorImpl.java:43)
at java.base/java.lang.reflect.Method.invoke(Method.java:567)
at org.testng.internal.MethodInvocationHelper.invokeMethod(MethodInvocationHelper.java:134)
at org.testng.internal.TestInvoker.invokeMethod(TestInvoker.java:597)
at org.testng.internal.TestInvoker.invokeTestMethod(TestInvoker.java:173)
at org.testng.internal.MethodRunner.runInSequence(MethodRunner.java:46)
at org.testng.internal.TestInvoker$MethodInvocationAgent.invoke(TestInvoker.java:816)
at org.testng.internal.TestInvoker.invokeTestMethods(TestInvoker.java:146)
at org.testng.internal.TestMethodWorker.invokeTestMethods(TestMethodWorker.java:146)
at org.testng.internal.TestMethodWorker.run(TestMethodWorker.java:128)
at java.base/java.util.ArrayList.forEach(ArrayList.java:1507)
at org.testng.TestRunner.privateRun(TestRunner.java:766)
at org.testng.TestRunner.run(TestRunner.java:587)
at org.testng.SuiteRunner.runTest(SuiteRunner.java:384)
at org.testng.SuiteRunner.runSequentially(SuiteRunner.java:378)
at org.testng.SuiteRunner.privateRun(SuiteRunner.java:337)
at org.testng.SuiteRunner.run(SuiteRunner.java:286)
at org.testng.SuiteRunnerWorker.runSuite(SuiteRunnerWorker.java:53)
at org.testng.SuiteRunnerWorker.run(SuiteRunnerWorker.java:96)
at org.testng.TestNG.runSuitesSequentially(TestNG.java:1187)
at org.testng.TestNG.runSuitesLocally(TestNG.java:1109)
at org.testng.TestNG.runSuites(TestNG.java:1039)
at org.testng.TestNG.run(TestNG.java:1007)
at org.testng.remote.AbstractRemoteTestNG.run(AbstractRemoteTestNG.java:115)
at org.testng.remote.RemoteTestNG.initAndRun(RemoteTestNG.java:251)
at org.testng.remote.RemoteTestNG.main(RemoteTestNG.java:77)
]]>
            </full-stacktrace>
          </exception> <!-- junit.framework.AssertionFailedError -->
          <reporter-output>
          </reporter-output>
        </test-method> <!-- teste2 -->
        <test-method is-config="true" signature="getResult(org.testng.ITestResult)[pri:0, instance:cursoautomacao.api.Teste@7c417213]" started-at="2020-09-16T20:34:41 BRT" name="getResult" finished-at="2020-09-16T20:34:41 BRT" duration-ms="55" status="PASS">
          <params>
            <param index="0">
              <value>
                <![CDATA[[TestResult name=teste2 status=FAILURE method=Teste.teste2()[pri:0, instance:cursoautomacao.api.Teste@7c417213] output={null}]]]>
              </value>
            </param>
          </params>
          <reporter-output>
          </reporter-output>
        </test-method> <!-- getResult -->
        <test-method is-config="true" signature="tearDown()[pri:0, instance:cursoautomacao.api.Teste@7c417213]" started-at="2020-09-16T20:34:42 BRT" name="tearDown" finished-at="2020-09-16T20:34:45 BRT" duration-ms="3451" status="PASS">
          <reporter-output>
          </reporter-output>
        </test-method> <!-- tearDown -->
      </class> <!-- cursoautomacao.api.Teste -->
    </test> <!-- Default test -->
  </suite> <!-- Default suite -->
</testng-results>
